2014/09/24 0:00:19->0:00:20 [Chrome/PC] "/css/account.css"(400[400:0)[0] <0> 78>4>69 "text/css"(4814[310:4504]) "" "http://ownersbook.local:80/css/account.css" "Mozilla/5.0 (Windows NT 6.1; WOW64) AppleWebKit/537.36 (KHTML, like Gecko) Chrome/37.0.2062.120 Safari/537.36"
2014/09/24 0:00:19->0:00:20 [Chrome/PC] "/css/index.css"(398[398:0)[0] <2> 26>3>117 "text/css"(6341[309:6032]) "" "http://ownersbook.local:80/css/index.css" "Mozilla/5.0 (Windows NT 6.1; WOW64) AppleWebKit/537.36 (KHTML, like Gecko) Chrome/37.0.2062.120 Safari/537.36"
2014/09/24 0:00:19->0:00:20 [Chrome/PC] "/css/style_01.css"(401[401:0)[0] <3> 15>8>180 "text/css"(10626[310:10316]) "" "http://ownersbook.local:80/css/style_01.css" "Mozilla/5.0 (Windows NT 6.1; WOW64) AppleWebKit/537.36 (KHTML, like Gecko) Chrome/37.0.2062.120 Safari/537.36"
2014/09/24 0:00:19->0:00:20 [Chrome/PC] "/css/detail.css"(399[399:0)[0] <4> 75>1>209 "text/css"(13136[310:12826]) "" "http://ownersbook.local:80/css/detail.css" "Mozilla/5.0 (Windows NT 6.1; WOW64) AppleWebKit/537.36 (KHTML, like Gecko) Chrome/37.0.2062.120 Safari/537.36"
2014/09/24 0:00:20->0:00:20 [Chrome/PC] "/css/portfolio.css"(402[402:0)[0] <0> 2>7>142 "text/css"(7794[309:7485]) "" "http://ownersbook.local:80/css/portfolio.css" "Mozilla/5.0 (Windows NT 6.1; WOW64) AppleWebKit/537.36 (KHTML, like Gecko) Chrome/37.0.2062.120 Safari/537.36"
2014/09/24 0:00:20->0:00:20 [Chrome/PC] "/css/apply.css"(398[398:0)[0] <0> 5>5>211 "text/css"(11405[310:11095]) "" "http://ownersbook.local:80/css/apply.css" "Mozilla/5.0 (Windows NT 6.1; WOW64) AppleWebKit/537.36 (KHTML, like Gecko) Chrome/37.0.2062.120 Safari/537.36"
2014/09/24 0:00:19->0:00:20 [Chrome/PC] "/css/comm.css"(397[397:0)[0] <1> 25>17>369 "text/css"(19267[310:18957]) "" "http://ownersbook.local:80/css/comm.css" "Mozilla/5.0 (Windows NT 6.1; WOW64) AppleWebKit/537.36 (KHTML, like Gecko) Chrome/37.0.2062.120 Safari/537.36"
2014/09/24 0:00:20->0:00:20 [Chrome/PC] "/css/jquery.exvalidation.css"(412[412:0)[0] <0> 1>4>3 "text/css"(2479[308:2171]) "" "http://ownersbook.local:80/css/jquery.exvalidation.css" "Mozilla/5.0 (Windows NT 6.1; WOW64) AppleWebKit/537.36 (KHTML, like Gecko) Chrome/37.0.2062.120 Safari/537.36"
2014/09/24 0:00:20->0:00:20 [Chrome/PC] "/css/inverstorprices.css"(408[408:0)[0] <0> 2>2>116 "text/css"(6405[309:6096]) "" "http://ownersbook.local:80/css/inverstorprices.css" "Mozilla/5.0 (Windows NT 6.1; WOW64) AppleWebKit/537.36 (KHTML, like Gecko) Chrome/37.0.2062.120 Safari/537.36"
2014/09/24 0:00:20->0:00:20 [Chrome/PC] "/css/jquery.datepick.css"(408[408:0)[0] <0> 2>3>88 "text/css"(5009[309:4700]) "" "http://ownersbook.local:80/css/jquery.datepick.css" "Mozilla/5.0 (Windows NT 6.1; WOW64) AppleWebKit/537.36 (KHTML, like Gecko) Chrome/37.0.2062.120 Safari/537.36"
2014/09/24 0:00:19->0:00:20 [Chrome/PC] "/1_1.html"(441[441:0)[0] <0> 5>8>573 "text/html"(29518[312:29206]) "" "http://ownersbook.local:80/1_1.html" "Mozilla/5.0 (Windows NT 6.1; WOW64) AppleWebKit/537.36 (KHTML, like Gecko) Chrome/37.0.2062.120 Safari/537.36"
2014/09/24 0:00:20->0:00:20 [Chrome/PC] "/images/index/title_pic.png"(413[413:0)[0] <0> 1>5>103 "image/png"(5420[310:5110]) "" "http://ownersbook.local:80/images/index/title_pic.png" "Mozilla/5.0 (Windows NT 6.1; WOW64) AppleWebKit/537.36 (KHTML, like Gecko) Chrome/37.0.2062.120 Safari/537.36"
2014/09/24 0:00:20->0:00:20 [Chrome/PC] "/images/logo.png"(402[402:0)[0] <0> 6>4>169 "image/png"(9011[311:8700]) "" "http://ownersbook.local:80/images/logo.png" "Mozilla/5.0 (Windows NT 6.1; WOW64) AppleWebKit/537.36 (KHTML, like Gecko) Chrome/37.0.2062.120 Safari/537.36"
2014/09/24 0:00:20->0:00:20 [Chrome/PC] "/js/jquery-migrate-1.2.1.min.js"(400[400:0)[0] <0> 2>3>143 "application/javascript"(7848[323:7525]) "" "http://ownersbook.local:80/js/jquery-migrate-1.2.1.min.js" "Mozilla/5.0 (Windows NT 6.1; WOW64) AppleWebKit/537.36 (KHTML, like Gecko) Chrome/37.0.2062.120 Safari/537.36"
2014/09/24 0:00:20->0:00:20 [Chrome/PC] "/css/style.css"(398[398:0)[0] <0> 2>2>422 "text/css"(22059[310:21749]) "" "http://ownersbook.local:80/css/style.css" "Mozilla/5.0 (Windows NT 6.1; WOW64) AppleWebKit/537.36 (KHTML, like Gecko) Chrome/37.0.2062.120 Safari/537.36"
2014/09/24 0:00:20->0:00:20 [Chrome/PC] "/js/exchecker-ja.js"(388[388:0)[0] <0> 3>3>187 "application/javascript"(10584[323:10261]) "" "http://ownersbook.local:80/js/exchecker-ja.js" "Mozilla/5.0 (Windows NT 6.1; WOW64) AppleWebKit/537.36 (KHTML, like Gecko) Chrome/37.0.2062.120 Safari/537.36"
2014/09/24 0:00:20->0:00:20 [Chrome/PC] "/css/jquery-ui.css"(402[402:0)[0] <0> 1>2>661 "text/css"(34264[310:33954]) "" "http://ownersbook.local:80/css/jquery-ui.css" "Mozilla/5.0 (Windows NT 6.1; WOW64) AppleWebKit/537.36 (KHTML, like Gecko) Chrome/37.0.2062.120 Safari/537.36"
2014/09/24 0:00:20->0:00:21 [Chrome/PC] "/js/exvalidation.js"(388[388:0)[0] <0> 2>5>347 "application/javascript"(18635[324:18311]) "" "http://ownersbook.local:80/js/exvalidation.js" "Mozilla/5.0 (Windows NT 6.1; WOW64) AppleWebKit/537.36 (KHTML, like Gecko) Chrome/37.0.2062.120 Safari/537.36"
2014/09/24 0:00:21->0:00:21 [Chrome/PC] "/js/dialog.js"(382[382:0)[0] <0> 3>4>19 "application/javascript"(2494[322:2172]) "" "http://ownersbook.local:80/js/dialog.js" "Mozilla/5.0 (Windows NT 6.1; WOW64) AppleWebKit/537.36 (KHTML, like Gecko) Chrome/37.0.2062.120 Safari/537.36"
2014/09/24 0:00:20->0:00:21 [Chrome/PC] "/js/jquery.slideBox.min.js"(395[395:0)[0] <0> 2>4>106 "application/javascript"(6570[323:6247]) "" "http://ownersbook.local:80/js/jquery.slideBox.min.js" "Mozilla/5.0 (Windows NT 6.1; WOW64) AppleWebKit/537.36 (KHTML, like Gecko) Chrome/37.0.2062.120 Safari/537.36"
2014/09/24 0:00:21->0:00:21 [Chrome/PC] "/js/iq.core.js"(383[383:0)[0] <0> 4>5>129 "application/javascript"(6422[323:6099]) "" "http://ownersbook.local:80/js/iq.core.js" "Mozilla/5.0 (Windows NT 6.1; WOW64) AppleWebKit/537.36 (KHTML, like Gecko) Chrome/37.0.2062.120 Safari/537.36"
2014/09/24 0:00:21->0:00:21 [Chrome/PC] "/js/util.js"(380[380:0)[0] <0> 1>6>106 "application/javascript"(6003[323:5680]) "" "http://ownersbook.local:80/js/util.js" "Mozilla/5.0 (Windows NT 6.1; WOW64) AppleWebKit/537.36 (KHTML, like Gecko) Chrome/37.0.2062.120 Safari/537.36"
2014/09/24 0:00:21->0:00:21 [Chrome/PC] "/js/account.js"(383[383:0)[0] <0> 4>3>226 "application/javascript"(11899[324:11575]) "" "http://ownersbook.local:80/js/account.js" "Mozilla/5.0 (Windows NT 6.1; WOW64) AppleWebKit/537.36 (KHTML, like Gecko) Chrome/37.0.2062.120 Safari/537.36"
2014/09/24 0:00:21->0:00:21 [Chrome/PC] "/js/index.js"(381[381:0)[0] <0> 2>6>588 "application/javascript"(32155[324:31831]) "" "http://ownersbook.local:80/js/index.js" "Mozilla/5.0 (Windows NT 6.1; WOW64) AppleWebKit/537.36 (KHTML, like Gecko) Chrome/37.0.2062.120 Safari/537.36"
2014/09/24 0:00:21->0:00:22 [Chrome/PC] "/images/index/investment_list2.jpg"(420[420:0)[0] <0> 2>3>637 "image/jpeg"(60570[312:60258]) "" "http://ownersbook.local:80/images/index/investment_list2.jpg" "Mozilla/5.0 (Windows NT 6.1; WOW64) AppleWebKit/537.36 (KHTML, like Gecko) Chrome/37.0.2062.120 Safari/537.36"
2014/09/24 0:00:21->0:00:22 [Chrome/PC] "/images/index/investment_list3.jpg"(420[420:0)[0] <0> 2>2>266 "image/jpeg"(39431[313:39118]) "" "http://ownersbook.local:80/images/index/investment_list3.jpg" "Mozilla/5.0 (Windows NT 6.1; WOW64) AppleWebKit/537.36 (KHTML, like Gecko) Chrome/37.0.2062.120 Safari/537.36"
2014/09/24 0:00:20->0:00:22 [Chrome/PC] "/js/handlebars.js"(386[386:0)[0] <0> 2>5>1202 "application/javascript"(93063[325:92738]) "" "http://ownersbook.local:80/js/handlebars.js" "Mozilla/5.0 (Windows NT 6.1; WOW64) AppleWebKit/537.36 (KHTML, like Gecko) Chrome/37.0.2062.120 Safari/537.36"
2014/09/24 0:00:20->0:00:22 [Chrome/PC] "/js/jquery-1.10.2.min.js"(393[393:0)[0] <0> 5>4>1647 "application/javascript"(93719[325:93394]) "" "http://ownersbook.local:80/js/jquery-1.10.2.min.js" "Mozilla/5.0 (Windows NT 6.1; WOW64) AppleWebKit/537.36 (KHTML, like Gecko) Chrome/37.0.2062.120 Safari/537.36"
2014/09/24 0:00:22->0:00:22 [Chrome/PC] "/images/index/info_list2.jpg"(414[414:0)[0] <0> 1>4>92 "image/jpeg"(24448[313:24135]) "" "http://ownersbook.local:80/images/index/info_list2.jpg" "Mozilla/5.0 (Windows NT 6.1; WOW64) AppleWebKit/537.36 (KHTML, like Gecko) Chrome/37.0.2062.120 Safari/537.36"
2014/09/24 0:00:22->0:00:22 [Chrome/PC] "/images/index/info_list1.jpg"(414[414:0)[0] <0> 2>3>144 "image/jpeg"(13442[312:13130]) "" "http://ownersbook.local:80/images/index/info_list1.jpg" "Mozilla/5.0 (Windows NT 6.1; WOW64) AppleWebKit/537.36 (KHTML, like Gecko) Chrome/37.0.2062.120 Safari/537.36"
2014/09/24 0:00:22->0:00:22 [Chrome/PC] "/images/gray_logo.png"(407[407:0)[0] <0> 2>3>44 "image/png"(6070[310:5760]) "" "http://ownersbook.local:80/images/gray_logo.png" "Mozilla/5.0 (Windows NT 6.1; WOW64) AppleWebKit/537.36 (KHTML, like Gecko) Chrome/37.0.2062.120 Safari/537.36"
2014/09/24 0:00:21->0:00:22 [Chrome/PC] "/images/index/investment_list1.jpg"(420[420:0)[0] <0> 5>4>1046 "image/jpeg"(83395[314:83081]) "" "http://ownersbook.local:80/images/index/investment_list1.jpg" "Mozilla/5.0 (Windows NT 6.1; WOW64) AppleWebKit/537.36 (KHTML, like Gecko) Chrome/37.0.2062.120 Safari/537.36"
2014/09/24 0:00:22->0:00:22 [Chrome/PC] "/images/index/info_list3.jpg"(414[414:0)[0] <0> 2>4>182 "image/jpeg"(28029[313:27716]) "" "http://ownersbook.local:80/images/index/info_list3.jpg" "Mozilla/5.0 (Windows NT 6.1; WOW64) AppleWebKit/537.36 (KHTML, like Gecko) Chrome/37.0.2062.120 Safari/537.36"
2014/09/24 0:00:22->0:00:22 [Chrome/PC] "/images/footer_logo.png"(409[409:0)[0] <0> 1>3>41 "image/png"(4467[309:4158]) "" "http://ownersbook.local:80/images/footer_logo.png" "Mozilla/5.0 (Windows NT 6.1; WOW64) AppleWebKit/537.36 (KHTML, like Gecko) Chrome/37.0.2062.120 Safari/537.36"
2014/09/24 0:00:22->0:00:22 [Chrome/PC] "/images/index/info_list4.jpg"(414[414:0)[0] <0> 2>4>297 "image/jpeg"(60419[312:60107]) "" "http://ownersbook.local:80/images/index/info_list4.jpg" "Mozilla/5.0 (Windows NT 6.1; WOW64) AppleWebKit/537.36 (KHTML, like Gecko) Chrome/37.0.2062.120 Safari/537.36"
2014/09/24 0:00:20->0:00:24 [Chrome/PC] "/js/jquery-ui-1.10.3.js"(392[392:0)[0] <0> 3>4>4258 "application/javascript"(451499[326:451173]) "" "http://ownersbook.local:80/js/jquery-ui-1.10.3.js" "Mozilla/5.0 (Windows NT 6.1; WOW64) AppleWebKit/537.36 (KHTML, like Gecko) Chrome/37.0.2062.120 Safari/537.36"
2014/09/24 0:00:25->0:00:25 [Chrome/PC] "/images/btn/index_titlebtn.png"(421[421:0)[0] <0> 2>7>85 "image/png"(6504[310:6194]) "" "http://ownersbook.local:80/images/btn/index_titlebtn.png" "Mozilla/5.0 (Windows NT 6.1; WOW64) AppleWebKit/537.36 (KHTML, like Gecko) Chrome/37.0.2062.120 Safari/537.36"
2014/09/24 0:00:25->0:00:25 [Chrome/PC] "/images/icon/icon_title.png"(418[418:0)[0] <1> 2>10>88 "image/png"(8662[310:8352]) "" "http://ownersbook.local:80/images/icon/icon_title.png" "Mozilla/5.0 (Windows NT 6.1; WOW64) AppleWebKit/537.36 (KHTML, like Gecko) Chrome/37.0.2062.120 Safari/537.36"
2014/09/24 0:00:25->0:00:26 [Chrome/PC] "/images/imgLogo.png"(409[409:0)[0] <0> 2>3>1037 "image/png"(131801[313:131488]) "" "http://ownersbook.local:80/images/imgLogo.png" "Mozilla/5.0 (Windows NT 6.1; WOW64) AppleWebKit/537.36 (KHTML, like Gecko) Chrome/37.0.2062.120 Safari/537.36"
2014/09/24 0:00:25->0:00:26 [Chrome/PC] "/images/bg/index_showbg.jpg"(418[418:0)[0] <1> 13>16>1022 "image/jpeg"(157006[314:156692]) "" "http://ownersbook.local:80/images/bg/index_showbg.jpg" "Mozilla/5.0 (Windows NT 6.1; WOW64) AppleWebKit/537.36 (KHTML, like Gecko) Chrome/37.0.2062.120 Safari/537.36"
2014/09/24 0:00:25->0:00:29 [Chrome/PC] "/images/bg/index_infobg.jpg"(418[418:0)[0] <0> 1>8>4460 "image/jpeg"(367359[314:367045]) "" "http://ownersbook.local:80/images/bg/index_infobg.jpg" "Mozilla/5.0 (Windows NT 6.1; WOW64) AppleWebKit/537.36 (KHTML, like Gecko) Chrome/37.0.2062.120 Safari/537.36"
2014/09/24 0:00:29->0:00:29 [Chrome/PC] "/img/favicon.ico"(339[339:0)[0] <0> 1>3>0 "text/html"(665[226:439]) "" "http://ownersbook.local:80/img/favicon.ico" "Mozilla/5.0 (Windows NT 6.1; WOW64) AppleWebKit/537.36 (KHTML, like Gecko) Chrome/37.0.2062.120 Safari/537.36"
2014/09/24 0:00:37->0:00:37 [Chrome/PC] "/css/owned_portfolio.css"(410[410:0)[0] <0> 2>17>5 "text/css"(3792[308:3484]) "" "http://ownersbook.local:80/css/owned_portfolio.css" "Mozilla/5.0 (Windows NT 6.1; WOW64) AppleWebKit/537.36 (KHTML, like Gecko) Chrome/37.0.2062.120 Safari/537.36"
2014/09/24 0:00:37->0:00:37 [Chrome/PC] "/css/login_header.css"(407[407:0)[0] <0> 11>10>11 "text/css"(2981[308:2673]) "" "http://ownersbook.local:80/css/login_header.css" "Mozilla/5.0 (Windows NT 6.1; WOW64) AppleWebKit/537.36 (KHTML, like Gecko) Chrome/37.0.2062.120 Safari/537.36"
2014/09/24 0:00:37->0:00:37 [Chrome/PC] "/css/tabs_index.css"(405[405:0)[0] <2> 4>23>11 "text/css"(1539[307:1232]) "" "http://ownersbook.local:80/css/tabs_index.css" "Mozilla/5.0 (Windows NT 6.1; WOW64) AppleWebKit/537.36 (KHTML, like Gecko) Chrome/37.0.2062.120 Safari/537.36"
2014/09/24 0:00:37->0:00:37 [Chrome/PC] "/css/layout_d.css"(403[403:0)[0] <1> 13>16>52 "text/css"(3119[308:2811]) "" "http://ownersbook.local:80/css/layout_d.css" "Mozilla/5.0 (Windows NT 6.1; WOW64) AppleWebKit/537.36 (KHTML, like Gecko) Chrome/37.0.2062.120 Safari/537.36"
2014/09/24 0:00:37->0:00:37 [Chrome/PC] "/css/estate.css"(401[401:0)[0] <3> 13>15>93 "text/css"(13436[312:13124]) "" "http://ownersbook.local:80/css/estate.css" "Mozilla/5.0 (Windows NT 6.1; WOW64) AppleWebKit/537.36 (KHTML, like Gecko) Chrome/37.0.2062.120 Safari/537.36"
2014/09/24 0:00:37->0:00:37 [Chrome/PC] "/images/users.png"(405[405:0)[0] <0> 2>3>24 "image/png"(1842[309:1533]) "" "http://ownersbook.local:80/images/users.png" "Mozilla/5.0 (Windows NT 6.1; WOW64) AppleWebKit/537.36 (KHTML, like Gecko) Chrome/37.0.2062.120 Safari/537.36"
2014/09/24 0:00:37->0:00:37 [Chrome/PC] "/images/me.jpg"(402[402:0)[0] <0> 1>3>6 "image/jpeg"(5576[311:5265]) "" "http://ownersbook.local:80/images/me.jpg" "Mozilla/5.0 (Windows NT 6.1; WOW64) AppleWebKit/537.36 (KHTML, like Gecko) Chrome/37.0.2062.120 Safari/537.36"
2014/09/24 0:00:37->0:00:37 [Chrome/PC] "/1_2_1.html"(443[443:0)[0] <0> 1>9>255 "text/html"(27932[312:27620]) "" "http://ownersbook.local:80/1_2_1.html" "Mozilla/5.0 (Windows NT 6.1; WOW64) AppleWebKit/537.36 (KHTML, like Gecko) Chrome/37.0.2062.120 Safari/537.36"
2014/09/24 0:00:37->0:00:37 [Chrome/PC] "/images/mail.png"(404[404:0)[0] <0> 1>3>27 "image/png"(1754[309:1445]) "" "http://ownersbook.local:80/images/mail.png" "Mozilla/5.0 (Windows NT 6.1; WOW64) AppleWebKit/537.36 (KHTML, like Gecko) Chrome/37.0.2062.120 Safari/537.36"
2014/09/24 0:00:37->0:00:37 [Chrome/PC] "/images/circled-info.png"(412[412:0)[0] <0> 1>4>27 "image/png"(1819[309:1510]) "" "http://ownersbook.local:80/images/circled-info.png" "Mozilla/5.0 (Windows NT 6.1; WOW64) AppleWebKit/537.36 (KHTML, like Gecko) Chrome/37.0.2062.120 Safari/537.36"
2014/09/24 0:00:37->0:00:37 [Chrome/PC] "/images/estate/estate_thumb_3.jpg"(421[421:0)[0] <0> 1>5>47 "image/jpeg"(9052[311:8741]) "" "http://ownersbook.local:80/images/estate/estate_thumb_3.jpg" "Mozilla/5.0 (Windows NT 6.1; WOW64) AppleWebKit/537.36 (KHTML, like Gecko) Chrome/37.0.2062.120 Safari/537.36"
2014/09/24 0:00:37->0:00:37 [Chrome/PC] "/images/estate/estate_thumb_5.jpg"(421[421:0)[0] <0> 3>6>93 "image/jpeg"(10376[311:10065]) "" "http://ownersbook.local:80/images/estate/estate_thumb_5.jpg" "Mozilla/5.0 (Windows NT 6.1; WOW64) AppleWebKit/537.36 (KHTML, like Gecko) Chrome/37.0.2062.120 Safari/537.36"
2014/09/24 0:00:37->0:00:37 [Chrome/PC] "/images/estate/estate_thumb_1.jpg"(421[421:0)[0] <0> 2>6>60 "image/jpeg"(7594[311:7283]) "" "http://ownersbook.local:80/images/estate/estate_thumb_1.jpg" "Mozilla/5.0 (Windows NT 6.1; WOW64) AppleWebKit/537.36 (KHTML, like Gecko) Chrome/37.0.2062.120 Safari/537.36"
2014/09/24 0:00:37->0:00:37 [Chrome/PC] "/images/estate/estate_thumb_2.jpg"(421[421:0)[0] <0> 2>5>65 "image/jpeg"(10233[311:9922]) "" "http://ownersbook.local:80/images/estate/estate_thumb_2.jpg" "Mozilla/5.0 (Windows NT 6.1; WOW64) AppleWebKit/537.36 (KHTML, like Gecko) Chrome/37.0.2062.120 Safari/537.36"
2014/09/24 0:00:37->0:00:37 [Chrome/PC] "/images/estate/estate_thumb_4.jpg"(421[421:0)[0] <0> 3>7>84 "image/jpeg"(13756[312:13444]) "" "http://ownersbook.local:80/images/estate/estate_thumb_4.jpg" "Mozilla/5.0 (Windows NT 6.1; WOW64) AppleWebKit/537.36 (KHTML, like Gecko) Chrome/37.0.2062.120 Safari/537.36"
2014/09/24 0:00:37->0:00:37 [Chrome/PC] "/js/login_header.js"(390[390:0)[0] <0> 5>1>1 "application/javascript"(1445[321:1124]) "" "http://ownersbook.local:80/js/login_header.js" "Mozilla/5.0 (Windows NT 6.1; WOW64) AppleWebKit/537.36 (KHTML, like Gecko) Chrome/37.0.2062.120 Safari/537.36"
2014/09/24 0:00:37->0:00:37 [Chrome/PC] "/images/heading.png"(413[413:0)[0] <0> 1>4>5 "image/png"(1732[309:1423]) "" "http://ownersbook.local:80/images/heading.png" "Mozilla/5.0 (Windows NT 6.1; WOW64) AppleWebKit/537.36 (KHTML, like Gecko) Chrome/37.0.2062.120 Safari/537.36"
2014/09/24 0:00:37->0:00:37 [Chrome/PC] "/images/level1.png"(406[406:0)[0] <0> 2>6>22 "image/png"(1675[310:1365]) "" "http://ownersbook.local:80/images/level1.png" "Mozilla/5.0 (Windows NT 6.1; WOW64) AppleWebKit/537.36 (KHTML, like Gecko) Chrome/37.0.2062.120 Safari/537.36"
2014/09/24 0:00:37->0:00:37 [Chrome/PC] "/images/user-pulldown.png"(423[423:0)[0] <0> 1>6>4 "image/png"(1671[309:1362]) "" "http://ownersbook.local:80/images/user-pulldown.png" "Mozilla/5.0 (Windows NT 6.1; WOW64) AppleWebKit/537.36 (KHTML, like Gecko) Chrome/37.0.2062.120 Safari/537.36"
2014/09/24 0:00:37->0:00:37 [Chrome/PC] "/images/level3.png"(406[406:0)[0] <0> 3>7>6 "image/png"(1677[309:1368]) "" "http://ownersbook.local:80/images/level3.png" "Mozilla/5.0 (Windows NT 6.1; WOW64) AppleWebKit/537.36 (KHTML, like Gecko) Chrome/37.0.2062.120 Safari/537.36"
2014/09/24 0:00:37->0:00:37 [Chrome/PC] "/images/level2.png"(406[406:0)[0] <0> 5>5>3 "image/png"(1679[310:1369]) "" "http://ownersbook.local:80/images/level2.png" "Mozilla/5.0 (Windows NT 6.1; WOW64) AppleWebKit/537.36 (KHTML, like Gecko) Chrome/37.0.2062.120 Safari/537.36"
2014/09/24 0:00:37->0:00:37 [Chrome/PC] "/images/icon/icon_title_stats.png"(425[425:0)[0] <0> 4>3>52 "image/png"(3865[309:3556]) "" "http://ownersbook.local:80/images/icon/icon_title_stats.png" "Mozilla/5.0 (Windows NT 6.1; WOW64) AppleWebKit/537.36 (KHTML, like Gecko) Chrome/37.0.2062.120 Safari/537.36"
2014/09/24 0:00:37->0:00:37 [Chrome/PC] "/images/icon/notice.png"(411[411:0)[0] <0> 1>7>8 "image/png"(1998[309:1689]) "" "http://ownersbook.local:80/images/icon/notice.png" "Mozilla/5.0 (Windows NT 6.1; WOW64) AppleWebKit/537.36 (KHTML, like Gecko) Chrome/37.0.2062.120 Safari/537.36"
2014/09/24 0:00:37->0:00:37 [Chrome/PC] "/images/left_triangle.png"(413[413:0)[0] <0> 5>5>2 "image/png"(1614[308:1306]) "" "http://ownersbook.local:80/images/left_triangle.png" "Mozilla/5.0 (Windows NT 6.1; WOW64) AppleWebKit/537.36 (KHTML, like Gecko) Chrome/37.0.2062.120 Safari/537.36"
2014/09/24 0:00:37->0:00:37 [Chrome/PC] "/js/styless-tabs.js"(390[390:0)[0] <0> 5>5>106 "application/javascript"(6606[324:6282]) "" "http://ownersbook.local:80/js/styless-tabs.js" "Mozilla/5.0 (Windows NT 6.1; WOW64) AppleWebKit/537.36 (KHTML, like Gecko) Chrome/37.0.2062.120 Safari/537.36"
2014/09/24 0:00:37->0:00:37 [Chrome/PC] "/images/no_photo.jpg"(408[408:0)[0] <0> 2>4>27 "image/jpeg"(2977[311:2666]) "" "http://ownersbook.local:80/images/no_photo.jpg" "Mozilla/5.0 (Windows NT 6.1; WOW64) AppleWebKit/537.36 (KHTML, like Gecko) Chrome/37.0.2062.120 Safari/537.36"
2014/09/24 0:00:37->0:00:37 [Chrome/PC] "/images/user-shadow.png"(415[415:0)[0] <0> 1>4>26 "image/png"(2298[309:1989]) "" "http://ownersbook.local:80/images/user-shadow.png" "Mozilla/5.0 (Windows NT 6.1; WOW64) AppleWebKit/537.36 (KHTML, like Gecko) Chrome/37.0.2062.120 Safari/537.36"
2014/09/24 0:00:37->0:00:37 [Chrome/PC] "/images/friend.jpg"(406[406:0)[0] <0> 2>4>73 "image/jpeg"(5362[311:5051]) "" "http://ownersbook.local:80/images/friend.jpg" "Mozilla/5.0 (Windows NT 6.1; WOW64) AppleWebKit/537.36 (KHTML, like Gecko) Chrome/37.0.2062.120 Safari/537.36"
2014/09/24 0:00:37->0:00:38 [Chrome/PC] "/images/bg/estate_bg.png"(418[418:0)[0] <0> 6>5>520 "image/png"(68241[312:67929]) "" "http://ownersbook.local:80/images/bg/estate_bg.png" "Mozilla/5.0 (Windows NT 6.1; WOW64) AppleWebKit/537.36 (KHTML, like Gecko) Chrome/37.0.2062.120 Safari/537.36"
2014/09/24 0:00:37->0:00:39 [Chrome/PC] "/images/estate/estate_01.jpg"(416[416:0)[0] <0> 1>4>1438 "image/jpeg"(181849[314:181535]) "" "http://ownersbook.local:80/images/estate/estate_01.jpg" "Mozilla/5.0 (Windows NT 6.1; WOW64) AppleWebKit/537.36 (KHTML, like Gecko) Chrome/37.0.2062.120 Safari/537.36"
2014/09/24 0:00:48->0:00:48 [Chrome/PC] "/css/invest_progress.css"(412[412:0)[0] <0> 1>5>23 "text/css"(1643[309:1334]) "" "http://ownersbook.local:80/css/invest_progress.css" "Mozilla/5.0 (Windows NT 6.1; WOW64) AppleWebKit/537.36 (KHTML, like Gecko) Chrome/37.0.2062.120 Safari/537.36"
2014/09/24 0:00:48->0:00:48 [Chrome/PC] "/css/investment_list.css"(412[412:0)[0] <2> 5>4>15 "text/css"(821[306:515]) "" "http://ownersbook.local:80/css/investment_list.css" "Mozilla/5.0 (Windows NT 6.1; WOW64) AppleWebKit/537.36 (KHTML, like Gecko) Chrome/37.0.2062.120 Safari/537.36"
2014/09/24 0:00:48->0:00:48 [Chrome/PC] "/images/write_on.png"(410[410:0)[0] <0> 2>6>35 "image/png"(1989[309:1680]) "" "http://ownersbook.local:80/images/write_on.png" "Mozilla/5.0 (Windows NT 6.1; WOW64) AppleWebKit/537.36 (KHTML, like Gecko) Chrome/37.0.2062.120 Safari/537.36"
2014/09/24 0:00:48->0:00:48 [Chrome/PC] "/css/invest_application.css"(415[415:0)[0] <0> 5>7>47 "text/css"(2914[309:2605]) "" "http://ownersbook.local:80/css/invest_application.css" "Mozilla/5.0 (Windows NT 6.1; WOW64) AppleWebKit/537.36 (KHTML, like Gecko) Chrome/37.0.2062.120 Safari/537.36"
2014/09/24 0:00:48->0:00:48 [Chrome/PC] "/1_2_1_1.html"(445[445:0)[0] <0> 2>10>107 "text/html"(10500[311:10189]) "" "http://ownersbook.local:80/1_2_1_1.html" "Mozilla/5.0 (Windows NT 6.1; WOW64) AppleWebKit/537.36 (KHTML, like Gecko) Chrome/37.0.2062.120 Safari/537.36"
2014/09/24 0:00:48->0:00:48 [Chrome/PC] "/css/success_invest.css"(411[411:0)[0] <1> 4>2>74 "text/css"(12419[310:12109]) "" "http://ownersbook.local:80/css/success_invest.css" "Mozilla/5.0 (Windows NT 6.1; WOW64) AppleWebKit/537.36 (KHTML, like Gecko) Chrome/37.0.2062.120 Safari/537.36"
2014/09/24 0:00:48->0:00:48 [Chrome/PC] "/images/long_arrow_right.png"(418[418:0)[0] <0> 1>3>1 "image/png"(1693[309:1384]) "" "http://ownersbook.local:80/images/long_arrow_right.png" "Mozilla/5.0 (Windows NT 6.1; WOW64) AppleWebKit/537.36 (KHTML, like Gecko) Chrome/37.0.2062.120 Safari/537.36"
2014/09/24 0:00:48->0:00:48 [Chrome/PC] "/images/check_off.png"(411[411:0)[0] <0> 0>3>3 "image/png"(1830[309:1521]) "" "http://ownersbook.local:80/images/check_off.png" "Mozilla/5.0 (Windows NT 6.1; WOW64) AppleWebKit/537.36 (KHTML, like Gecko) Chrome/37.0.2062.120 Safari/537.36"
2014/09/24 0:00:48->0:00:48 [Chrome/PC] "/images/made_account_off.png"(418[418:0)[0] <0> 1>3>3 "image/png"(1831[310:1521]) "" "http://ownersbook.local:80/images/made_account_off.png" "Mozilla/5.0 (Windows NT 6.1; WOW64) AppleWebKit/537.36 (KHTML, like Gecko) Chrome/37.0.2062.120 Safari/537.36"
2014/09/24 0:00:48->0:00:49 [Chrome/PC] "/images/index/investment_list4.jpg"(424[424:0)[0] <0> 1>3>419 "image/jpeg"(92213[314:91899]) "" "http://ownersbook.local:80/images/index/investment_list4.jpg" "Mozilla/5.0 (Windows NT 6.1; WOW64) AppleWebKit/537.36 (KHTML, like Gecko) Chrome/37.0.2062.120 Safari/537.36"
access start.
2014/09/24 0:05:35->0:05:35 [Chrome/PC] "/images/check_on.png"(410[410:0)[0] <0> 2>4>26 "image/png"(2069[309:1760]) "" "http://ownersbook.local:80/images/check_on.png" "Mozilla/5.0 (Windows NT 6.1; WOW64) AppleWebKit/537.36 (KHTML, like Gecko) Chrome/37.0.2062.120 Safari/537.36"
2014/09/24 0:05:35->0:05:35 [Chrome/PC] "/1_2_1_2.html"(445[445:0)[0] <0> 4>14>229 "text/html"(12205[312:11893]) "" "http://ownersbook.local:80/1_2_1_2.html" "Mozilla/5.0 (Windows NT 6.1; WOW64) AppleWebKit/537.36 (KHTML, like Gecko) Chrome/37.0.2062.120 Safari/537.36"
2014/09/24 0:05:40->0:05:40 [Chrome/PC] "/images/made_account_on.png"(417[417:0)[0] <0> 2>5>23 "image/png"(2026[309:1717]) "" "http://ownersbook.local:80/images/made_account_on.png" "Mozilla/5.0 (Windows NT 6.1; WOW64) AppleWebKit/537.36 (KHTML, like Gecko) Chrome/37.0.2062.120 Safari/537.36"
2014/09/24 0:05:40->0:05:40 [Chrome/PC] "/1_2_1_3.html"(445[445:0)[0] <0> 1>3>223 "text/html"(12138[311:11827]) "" "http://ownersbook.local:80/1_2_1_3.html" "Mozilla/5.0 (Windows NT 6.1; WOW64) AppleWebKit/537.36 (KHTML, like Gecko) Chrome/37.0.2062.120 Safari/537.36"
2014/09/24 0:05:47->0:05:47 [Chrome/PC] "/images/about_img01.png"(409[409:0)[0] <0> 1>5>64 "image/png"(3949[309:3640]) "" "http://ownersbook.local:80/images/about_img01.png" "Mozilla/5.0 (Windows NT 6.1; WOW64) AppleWebKit/537.36 (KHTML, like Gecko) Chrome/37.0.2062.120 Safari/537.36"
2014/09/24 0:05:47->0:05:47 [Chrome/PC] "/images/about_img04.png"(409[409:0)[0] <0> 1>4>66 "image/png"(4606[309:4297]) "" "http://ownersbook.local:80/images/about_img04.png" "Mozilla/5.0 (Windows NT 6.1; WOW64) AppleWebKit/537.36 (KHTML, like Gecko) Chrome/37.0.2062.120 Safari/537.36"
2014/09/24 0:05:47->0:05:47 [Chrome/PC] "/images/about_img05.png"(409[409:0)[0] <0> 2>6>64 "image/png"(4631[309:4322]) "" "http://ownersbook.local:80/images/about_img05.png" "Mozilla/5.0 (Windows NT 6.1; WOW64) AppleWebKit/537.36 (KHTML, like Gecko) Chrome/37.0.2062.120 Safari/537.36"
2014/09/24 0:05:47->0:05:47 [Chrome/PC] "/images/about_img02.png"(409[409:0)[0] <0> 3>5>99 "image/png"(5646[310:5336]) "" "http://ownersbook.local:80/images/about_img02.png" "Mozilla/5.0 (Windows NT 6.1; WOW64) AppleWebKit/537.36 (KHTML, like Gecko) Chrome/37.0.2062.120 Safari/537.36"
2014/09/24 0:05:46->0:05:47 [Chrome/PC] "/1_3.html"(441[441:0)[0] <0> 1>7>225 "text/html"(12810[311:12499]) "" "http://ownersbook.local:80/1_3.html" "Mozilla/5.0 (Windows NT 6.1; WOW64) AppleWebKit/537.36 (KHTML, like Gecko) Chrome/37.0.2062.120 Safari/537.36"
2014/09/24 0:05:47->0:05:47 [Chrome/PC] "/images/about_img03.png"(409[409:0)[0] <0> 2>6>128 "image/png"(7140[310:6830]) "" "http://ownersbook.local:80/images/about_img03.png" "Mozilla/5.0 (Windows NT 6.1; WOW64) AppleWebKit/537.36 (KHTML, like Gecko) Chrome/37.0.2062.120 Safari/537.36"
2014/09/24 0:05:47->0:05:47 [Chrome/PC] "/images/about_img06.png"(409[409:0)[0] <0> 1>6>80 "image/png"(4613[309:4304]) "" "http://ownersbook.local:80/images/about_img06.png" "Mozilla/5.0 (Windows NT 6.1; WOW64) AppleWebKit/537.36 (KHTML, like Gecko) Chrome/37.0.2062.120 Safari/537.36"
2014/09/24 0:05:47->0:05:47 [Chrome/PC] "/images/about_img08.png"(409[409:0)[0] <0> 1>4>41 "image/png"(2519[309:2210]) "" "http://ownersbook.local:80/images/about_img08.png" "Mozilla/5.0 (Windows NT 6.1; WOW64) AppleWebKit/537.36 (KHTML, like Gecko) Chrome/37.0.2062.120 Safari/537.36"
2014/09/24 0:05:47->0:05:47 [Chrome/PC] "/images/about_img07.png"(409[409:0)[0] <0> 4>6>44 "image/png"(3967[309:3658]) "" "http://ownersbook.local:80/images/about_img07.png" "Mozilla/5.0 (Windows NT 6.1; WOW64) AppleWebKit/537.36 (KHTML, like Gecko) Chrome/37.0.2062.120 Safari/537.36"
2014/09/24 0:05:47->0:05:47 [Chrome/PC] "/images/about_img11.png"(409[409:0)[0] <0> 5>6>64 "image/png"(6741[310:6431]) "" "http://ownersbook.local:80/images/about_img11.png" "Mozilla/5.0 (Windows NT 6.1; WOW64) AppleWebKit/537.36 (KHTML, like Gecko) Chrome/37.0.2062.120 Safari/537.36"
2014/09/24 0:05:47->0:05:47 [Chrome/PC] "/images/about_img09.png"(409[409:0)[0] <0> 2>6>264 "image/png"(14789[311:14478]) "" "http://ownersbook.local:80/images/about_img09.png" "Mozilla/5.0 (Windows NT 6.1; WOW64) AppleWebKit/537.36 (KHTML, like Gecko) Chrome/37.0.2062.120 Safari/537.36"
2014/09/24 0:05:47->0:05:47 [Chrome/PC] "/images/about_img10.png"(409[409:0)[0] <0> 1>4>262 "image/png"(13962[311:13651]) "" "http://ownersbook.local:80/images/about_img10.png" "Mozilla/5.0 (Windows NT 6.1; WOW64) AppleWebKit/537.36 (KHTML, like Gecko) Chrome/37.0.2062.120 Safari/537.36"
2014/09/24 0:05:47->0:05:47 [Chrome/PC] "/images/about_img13.png"(409[409:0)[0] <0> 4>3>503 "image/png"(26848[311:26537]) "" "http://ownersbook.local:80/images/about_img13.png" "Mozilla/5.0 (Windows NT 6.1; WOW64) AppleWebKit/537.36 (KHTML, like Gecko) Chrome/37.0.2062.120 Safari/537.36"
2014/09/24 0:05:47->0:05:47 [Chrome/PC] "/images/about_img12.png"(409[409:0)[0] <0> 3>3>584 "image/png"(30729[311:30418]) "" "http://ownersbook.local:80/images/about_img12.png" "Mozilla/5.0 (Windows NT 6.1; WOW64) AppleWebKit/537.36 (KHTML, like Gecko) Chrome/37.0.2062.120 Safari/537.36"
2014/09/24 0:05:57->0:05:57 [Chrome/PC] "/css/layout_b.css"(403[403:0)[0] <0> 9>8>20 "text/css"(1235[308:927]) "" "http://ownersbook.local:80/css/layout_b.css" "Mozilla/5.0 (Windows NT 6.1; WOW64) AppleWebKit/537.36 (KHTML, like Gecko) Chrome/37.0.2062.120 Safari/537.36"
2014/09/24 0:05:57->0:05:57 [Chrome/PC] "/css/faq.css"(398[398:0)[0] <0> 2>10>60 "text/css"(3464[309:3155]) "" "http://ownersbook.local:80/css/faq.css" "Mozilla/5.0 (Windows NT 6.1; WOW64) AppleWebKit/537.36 (KHTML, like Gecko) Chrome/37.0.2062.120 Safari/537.36"
2014/09/24 0:05:57->0:05:57 [Chrome/PC] "/images/down_triangle.png"(413[413:0)[0] <0> 2>6>20 "image/png"(1568[308:1260]) "" "http://ownersbook.local:80/images/down_triangle.png" "Mozilla/5.0 (Windows NT 6.1; WOW64) AppleWebKit/537.36 (KHTML, like Gecko) Chrome/37.0.2062.120 Safari/537.36"
2014/09/24 0:05:57->0:05:57 [Chrome/PC] "/1_4_1.html"(443[443:0)[0] <0> 2>7>472 "text/html"(24634[311:24323]) "" "http://ownersbook.local:80/1_4_1.html" "Mozilla/5.0 (Windows NT 6.1; WOW64) AppleWebKit/537.36 (KHTML, like Gecko) Chrome/37.0.2062.120 Safari/537.36"
2014/09/24 0:06:00->0:06:00 [Chrome/PC] "/images/up_triangle.png"(411[411:0)[0] <0> 1>3>19 "image/png"(1578[309:1269]) "" "http://ownersbook.local:80/images/up_triangle.png" "Mozilla/5.0 (Windows NT 6.1; WOW64) AppleWebKit/537.36 (KHTML, like Gecko) Chrome/37.0.2062.120 Safari/537.36"
2014/09/24 0:06:04->0:06:04 [Chrome/PC] "/images/icon/alert.png"(410[410:0)[0] <0> 1>5>63 "image/png"(3932[310:3622]) "" "http://ownersbook.local:80/images/icon/alert.png" "Mozilla/5.0 (Windows NT 6.1; WOW64) AppleWebKit/537.36 (KHTML, like Gecko) Chrome/37.0.2062.120 Safari/537.36"
2014/09/24 0:06:04->0:06:04 [Chrome/PC] "/images/icon/icon_envelope.png"(418[418:0)[0] <0> 2>6>39 "image/png"(2555[310:2245]) "" "http://ownersbook.local:80/images/icon/icon_envelope.png" "Mozilla/5.0 (Windows NT 6.1; WOW64) AppleWebKit/537.36 (KHTML, like Gecko) Chrome/37.0.2062.120 Safari/537.36"
2014/09/24 0:06:04->0:06:04 [Chrome/PC] "/images/icon/roadstar.png"(413[413:0)[0] <0> 2>4>63 "image/png"(3625[309:3316]) "" "http://ownersbook.local:80/images/icon/roadstar.png" "Mozilla/5.0 (Windows NT 6.1; WOW64) AppleWebKit/537.36 (KHTML, like Gecko) Chrome/37.0.2062.120 Safari/537.36"
2014/09/24 0:06:04->0:06:04 [Chrome/PC] "/1_4_2.html"(443[443:0)[0] <0> 1>7>186 "text/html"(10224[311:9913]) "" "http://ownersbook.local:80/1_4_2.html" "Mozilla/5.0 (Windows NT 6.1; WOW64) AppleWebKit/537.36 (KHTML, like Gecko) Chrome/37.0.2062.120 Safari/537.36"
2014/09/24 0:06:10->0:06:11 [Chrome/PC] "/1_5.html"(441[441:0)[0] <0> 3>7>236 "text/html"(16464[311:16153]) "" "http://ownersbook.local:80/1_5.html" "Mozilla/5.0 (Windows NT 6.1; WOW64) AppleWebKit/537.36 (KHTML, like Gecko) Chrome/37.0.2062.120 Safari/537.36"
2014/09/24 0:06:11->0:06:11 [Chrome/PC] "/images/pic_company.png"(409[409:0)[0] <0> 1>3>262 "image/png"(16977[311:16666]) "" "http://ownersbook.local:80/images/pic_company.png" "Mozilla/5.0 (Windows NT 6.1; WOW64) AppleWebKit/537.36 (KHTML, like Gecko) Chrome/37.0.2062.120 Safari/537.36"
2014/09/24 0:06:11->0:06:15 [Chrome/PC] "/images/bg/bg_company.jpg"(411[411:0)[0] <0> 1>3>4005 "image/jpeg"(239118[314:238804]) "" "http://ownersbook.local:80/images/bg/bg_company.jpg" "Mozilla/5.0 (Windows NT 6.1; WOW64) AppleWebKit/537.36 (KHTML, like Gecko) Chrome/37.0.2062.120 Safari/537.36"
2014/09/24 0:06:20->0:06:20 [Chrome/PC] "/drop/res/drop.css"(404[404:0)[0] <0> 6>6>1 "text/css"(842[306:536]) "" "http://ownersbook.local:80/drop/res/drop.css" "Mozilla/5.0 (Windows NT 6.1; WOW64) AppleWebKit/537.36 (KHTML, like Gecko) Chrome/37.0.2062.120 Safari/537.36"
2014/09/24 0:06:20->0:06:20 [Chrome/PC] "/css/edit_profile.css"(407[407:0)[0] <0> 2>12>10 "text/css"(1071[307:764]) "" "http://ownersbook.local:80/css/edit_profile.css" "Mozilla/5.0 (Windows NT 6.1; WOW64) AppleWebKit/537.36 (KHTML, like Gecko) Chrome/37.0.2062.120 Safari/537.36"
2014/09/24 0:06:20->0:06:20 [Chrome/PC] "/images/btn/delete_btn.png"(414[414:0)[0] <0> 1>5>2 "image/png"(1722[310:1412]) "" "http://ownersbook.local:80/images/btn/delete_btn.png" "Mozilla/5.0 (Windows NT 6.1; WOW64) AppleWebKit/537.36 (KHTML, like Gecko) Chrome/37.0.2062.120 Safari/537.36"
2014/09/24 0:06:20->0:06:20 [Chrome/PC] "/css/layout_a.css"(403[403:0)[0] <0> 3>13>41 "text/css"(2623[309:2314]) "" "http://ownersbook.local:80/css/layout_a.css" "Mozilla/5.0 (Windows NT 6.1; WOW64) AppleWebKit/537.36 (KHTML, like Gecko) Chrome/37.0.2062.120 Safari/537.36"
2014/09/24 0:06:20->0:06:20 [Chrome/PC] "/1_6_1.html"(443[443:0)[0] <0> 2>4>186 "text/html"(18199[312:17887]) "" "http://ownersbook.local:80/1_6_1.html" "Mozilla/5.0 (Windows NT 6.1; WOW64) AppleWebKit/537.36 (KHTML, like Gecko) Chrome/37.0.2062.120 Safari/537.36"
2014/09/24 0:06:20->0:06:20 [Chrome/PC] "/drop/js/drop.js"(387[387:0)[0] <0> 1>3>25 "application/javascript"(4476[322:4154]) "" "http://ownersbook.local:80/drop/js/drop.js" "Mozilla/5.0 (Windows NT 6.1; WOW64) AppleWebKit/537.36 (KHTML, like Gecko) Chrome/37.0.2062.120 Safari/537.36"
2014/09/24 0:06:20->0:06:20 [Chrome/PC] "/drop/res/triangle.png"(410[410:0)[0] <0> 1>3>20 "image/png"(1583[308:1275]) "" "http://ownersbook.local:80/drop/res/triangle.png" "Mozilla/5.0 (Windows NT 6.1; WOW64) AppleWebKit/537.36 (KHTML, like Gecko) Chrome/37.0.2062.120 Safari/537.36"
2014/09/24 0:06:36->0:06:36 [Chrome/PC] "/1_6_1_3.html"(445[445:0)[0] <0> 1>7>56 "text/html"(9189[311:8878]) "" "http://ownersbook.local:80/1_6_1_3.html" "Mozilla/5.0 (Windows NT 6.1; WOW64) AppleWebKit/537.36 (KHTML, like Gecko) Chrome/37.0.2062.120 Safari/537.36"
2014/09/24 0:06:36->0:06:36 [Chrome/PC] "/css/change_photo.css"(409[409:0)[0] <0> 2>4>18 "text/css"(2440[308:2132]) "" "http://ownersbook.local:80/css/change_photo.css" "Mozilla/5.0 (Windows NT 6.1; WOW64) AppleWebKit/537.36 (KHTML, like Gecko) Chrome/37.0.2062.120 Safari/537.36"
2014/09/24 0:06:36->0:06:36 [Chrome/PC] "/light_pop/light_pop.css"(412[412:0)[0] <0> 7>5>5 "text/css"(1479[307:1172]) "" "http://ownersbook.local:80/light_pop/light_pop.css" "Mozilla/5.0 (Windows NT 6.1; WOW64) AppleWebKit/537.36 (KHTML, like Gecko) Chrome/37.0.2062.120 Safari/537.36"
2014/09/24 0:06:36->0:06:36 [Chrome/PC] "/light_pop/light_pop.js"(396[396:0)[0] <0> 8>6>67 "application/javascript"(5254[323:4931]) "" "http://ownersbook.local:80/light_pop/light_pop.js" "Mozilla/5.0 (Windows NT 6.1; WOW64) AppleWebKit/537.36 (KHTML, like Gecko) Chrome/37.0.2062.120 Safari/537.36"
2014/09/24 0:06:36->0:06:36 [Chrome/PC] "/dater/res/dater.css"(408[408:0)[0] <0> 2>7>93 "text/css"(7870[309:7561]) "" "http://ownersbook.local:80/dater/res/dater.css" "Mozilla/5.0 (Windows NT 6.1; WOW64) AppleWebKit/537.36 (KHTML, like Gecko) Chrome/37.0.2062.120 Safari/537.36"
2014/09/24 0:06:36->0:06:36 [Chrome/PC] "/css/popup.css"(402[402:0)[0] <1> 2>4>97 "text/css"(4739[310:4429]) "" "http://ownersbook.local:80/css/popup.css" "Mozilla/5.0 (Windows NT 6.1; WOW64) AppleWebKit/537.36 (KHTML, like Gecko) Chrome/37.0.2062.120 Safari/537.36"
2014/09/24 0:06:36->0:06:36 [Chrome/PC] "/dater/js/dater.min.js"(395[395:0)[0] <0> 2>13>182 "application/javascript"(27320[324:26996]) "" "http://ownersbook.local:80/dater/js/dater.min.js" "Mozilla/5.0 (Windows NT 6.1; WOW64) AppleWebKit/537.36 (KHTML, like Gecko) Chrome/37.0.2062.120 Safari/537.36"
2014/09/24 0:06:36->0:06:37 [Chrome/PC] "/images/uploaded_me.jpg"(413[413:0)[0] <1> 2>23>664 "image/jpeg"(105268[314:104954]) "" "http://ownersbook.local:80/images/uploaded_me.jpg" "Mozilla/5.0 (Windows NT 6.1; WOW64) AppleWebKit/537.36 (KHTML, like Gecko) Chrome/37.0.2062.120 Safari/537.36"
2014/09/24 0:06:41->0:06:41 [Chrome/PC] "/css/password_reset.css"(411[411:0)[0] <0> 0>3>26 "text/css"(2065[308:1757]) "" "http://ownersbook.local:80/css/password_reset.css" "Mozilla/5.0 (Windows NT 6.1; WOW64) AppleWebKit/537.36 (KHTML, like Gecko) Chrome/37.0.2062.120 Safari/537.36"
2014/09/24 0:06:41->0:06:41 [Chrome/PC] "/1_6_2_1.html"(445[445:0)[0] <0> 2>3>48 "text/html"(8238[311:7927]) "" "http://ownersbook.local:80/1_6_2_1.html" "Mozilla/5.0 (Windows NT 6.1; WOW64) AppleWebKit/537.36 (KHTML, like Gecko) Chrome/37.0.2062.120 Safari/537.36"
2014/09/24 0:06:45->0:06:45 [Chrome/PC] "/css/settings.css"(405[405:0)[0] <0> 1>6>50 "text/css"(6343[309:6034]) "" "http://ownersbook.local:80/css/settings.css" "Mozilla/5.0 (Windows NT 6.1; WOW64) AppleWebKit/537.36 (KHTML, like Gecko) Chrome/37.0.2062.120 Safari/537.36"
2014/09/24 0:06:45->0:06:45 [Chrome/PC] "/1_6_2_2.html"(445[445:0)[0] <0> 1>8>219 "text/html"(27428[312:27116]) "" "http://ownersbook.local:80/1_6_2_2.html" "Mozilla/5.0 (Windows NT 6.1; WOW64) AppleWebKit/537.36 (KHTML, like Gecko) Chrome/37.0.2062.120 Safari/537.36"
2014/09/24 0:06:45->0:06:45 [Chrome/PC] "/images/r_arrow_b.png"(415[415:0)[0] <0> 1>3>1 "image/png"(1660[309:1351]) "" "http://ownersbook.local:80/images/r_arrow_b.png" "Mozilla/5.0 (Windows NT 6.1; WOW64) AppleWebKit/537.36 (KHTML, like Gecko) Chrome/37.0.2062.120 Safari/537.36"
2014/09/24 0:06:45->0:06:45 [Chrome/PC] "/images/r_arrow_w.png"(415[415:0)[0] <0> 1>2>2 "image/png"(1614[309:1305]) "" "http://ownersbook.local:80/images/r_arrow_w.png" "Mozilla/5.0 (Windows NT 6.1; WOW64) AppleWebKit/537.36 (KHTML, like Gecko) Chrome/37.0.2062.120 Safari/537.36"
